<?xml version="1.0" encoding="UTF-8"?>
<!-- Generated by org.testng.reporters.JUnitReportReporter -->
<testsuite hostname="rover" name="ca.pmcgovern.ThreeCheckerTest" tests="9" failures="0" timestamp="26 Mar 2014 00:15:36 GMT" time="0.037" errors="0">
  <testcase name="expectBadData" time="0.000" classname="ca.pmcgovern.ThreeCheckerTest"/>
  <testcase name="expectBadData" time="0.001" classname="ca.pmcgovern.ThreeCheckerTest"/>
  <testcase name="checkNull" time="0.006" classname="ca.pmcgovern.ThreeCheckerTest"/>
  <testcase name="expectGoodData" time="0.000" classname="ca.pmcgovern.ThreeCheckerTest"/>
  <testcase name="expectBadData" time="0.000" classname="ca.pmcgovern.ThreeCheckerTest"/>
  <testcase name="expectBadData" time="0.001" classname="ca.pmcgovern.ThreeCheckerTest"/>
  <testcase name="expectGoodData" time="0.029" classname="ca.pmcgovern.ThreeCheckerTest"/>
  <testcase name="expectGoodData" time="0.000" classname="ca.pmcgovern.ThreeCheckerTest"/>
  <testcase name="expectGoodData" time="0.000" classname="ca.pmcgovern.ThreeCheckerTest"/>
</testsuite> <!-- ca.pmcgovern.ThreeCheckerTest -->
